Using pre-set license
Built from '2020.3/staging' branch; Version is '2020.3.14f1 (d0d1bb862f9d) revision 13685179'; Using compiler version '192528614'; Build Type 'Release'
OS: 'Windows 10 Home; OS build 19043.1110; Version 2009; 64bit' Language: 'ko' Physical Memory: 16263 MB
BatchMode: 1, IsHumanControllingUs: 0, StartBugReporterOnCrash: 0, Is64bit: 1, IsPro: 0

 COMMAND LINE ARGUMENTS:
D:\Program Files (x86)\2020.3.14f1\Editor\Unity.exe
-adb2
-batchMode
-noUpm
-name
AssetImportWorker0
-projectPath
C:/Users/김영찬/Kill them All
-logFile
Logs/AssetImportWorker0.log
-srvPort
57191
Successfully changed project path to: C:/Users/김영찬/Kill them All
C:/Users/김영찬/Kill them All
Using Asset Import Pipeline V2.
Refreshing native plugins compatible for Editor in 154.57 ms, found 10 plugins.
Preloading 1 native plugins for Editor in 1.07 ms.
Initialize engine version: 2020.3.14f1 (d0d1bb862f9d)
[Subsystems] Discovering subsystems at path D:/Program Files (x86)/2020.3.14f1/Editor/Data/Resources/UnitySubsystems
[Subsystems] Discovering subsystems at path C:/Users/김영찬/Kill them All/Assets
GfxDevice: creating device client; threaded=0
Direct3D:
    Version:  Direct3D 11.0 [level 11.1]
    Renderer: NVIDIA GeForce GTX 1070 (ID=0x1ba1)
    Vendor:   
    VRAM:     8081 MB
    Driver:   27.21.14.6089
Shader 'Universal Render Pipeline/Particles/Lit': fallback shader 'Universal Render Pipeline/Particles/SimpleLit' not found
Initialize mono
Mono path[0] = 'D:/Program Files (x86)/2020.3.14f1/Editor/Data/Managed'
Mono path[1] = 'D:/Program Files (x86)/2020.3.14f1/Editor/Data/MonoBleedingEdge/lib/mono/unityjit'
Mono config path = 'D:/Program Files (x86)/2020.3.14f1/Editor/Data/MonoBleedingEdge/etc'
Using monoOptions --debugger-agent=transport=dt_socket,embedding=1,server=y,suspend=n,address=127.0.0.1:56848
Begin MonoManager ReloadAssembly
Registering precompiled unity dll's ...
Register platform support module: D:/Program Files (x86)/2020.3.14f1/Editor/Data/PlaybackEngines/WindowsStandaloneSupport/UnityEditor.WindowsStandalone.Extensions.dll
Registered in 0.001598 seconds.
Native extension for WindowsStandalone target not found
Refreshing native plugins compatible for Editor in 109.36 ms, found 10 plugins.
Preloading 1 native plugins for Editor in 0.18 ms.
Mono: successfully reloaded assembly
- Completed reload, in  2.756 seconds
Domain Reload Profiling:
	ReloadAssembly (2756ms)
		BeginReloadAssembly (97ms)
			ExecutionOrderSort (0ms)
			DisableScriptedObjects (0ms)
			BackupInstance (0ms)
			ReleaseScriptingObjects (0ms)
			CreateAndSetChildDomain (2ms)
		EndReloadAssembly (763ms)
			LoadAssemblies (96ms)
			RebuildTransferFunctionScriptingTraits (0ms)
			SetupTypeCache (266ms)
			ReleaseScriptCaches (0ms)
			RebuildScriptCaches (50ms)
			SetupLoadedEditorAssemblies (313ms)
				LogAssemblyErrors (0ms)
				InitializePlatformSupportModulesInManaged (5ms)
				SetLoadedEditorAssemblies (0ms)
				RefreshPlugins (110ms)
				BeforeProcessingInitializeOnLoad (16ms)
				ProcessInitializeOnLoadAttributes (136ms)
				ProcessInitializeOnLoadMethodAttributes (46ms)
				AfterProcessingInitializeOnLoad (0ms)
				EditorAssembliesLoaded (0ms)
			ExecutionOrderSort2 (0ms)
			AwakeInstancesAfterBackupRestoration (0ms)
Platform modules already initialized, skipping
Registering precompiled user dll's ...
Registered in 0.018087 seconds.
Begin MonoManager ReloadAssembly
Native extension for WindowsStandalone target not found
Refreshing native plugins compatible for Editor in 98.97 ms, found 10 plugins.
Preloading 1 native plugins for Editor in 0.40 ms.
[XR] OculusXRPlugin: registering subsystems
[XR] Unable to register display lifecyle provider: [1]
[XR] Oculus Input lifecycle provider registered.
[XR] Unable to register input lifecyle provider: [1]
System.Reflection.TargetInvocationException: Exception has been thrown by the target of an invocation. ---> System.NullReferenceException: Object reference not set to an instance of an object
  at Unity.XR.Oculus.OculusLoader.AssetPathToAbsolutePath (System.String assetPath) [0x00048] in C:\Users\김영찬\Kill them All\Library\PackageCache\com.unity.xr.oculus@1.9.1\Runtime\OculusLoader.cs:249 
  at Unity.XR.Oculus.OculusLoader.EditorLoadOVRPlugin () [0x0007b] in C:\Users\김영찬\Kill them All\Library\PackageCache\com.unity.xr.oculus@1.9.1\Runtime\OculusLoader.cs:234 
  at (wrapper managed-to-native) System.Reflection.MonoMethod.InternalInvoke(System.Reflection.MonoMethod,object,object[],System.Exception&)
  at System.Reflection.MonoMethod.Invoke (System.Object obj, System.Reflection.BindingFlags invokeAttr, System.Reflection.Binder binder, System.Object[] parameters, System.Globalization.CultureInfo culture) [0x00032] in <695d1cc93cca45069c528c15c9fdd749>:0 
   --- End of inner exception stack trace ---
  at System.Reflection.MonoMethod.Invoke (System.Object obj, System.Reflection.BindingFlags invokeAttr, System.Reflection.Binder binder, System.Object[] parameters, System.Globalization.CultureInfo culture) [0x00048] in <695d1cc93cca45069c528c15c9fdd749>:0 
  at System.Reflection.MethodBase.Invoke (System.Object obj, System.Object[] parameters) [0x00000] in <695d1cc93cca45069c528c15c9fdd749>:0 
  at UnityEditor.EditorAssemblies.ProcessInitializeOnLoadMethodAttributes () [0x00047] in <25e9afc147634a5ca855ab83fab425dd>:0 
UnityEngine.StackTraceUtility:ExtractStackTrace ()
UnityEngine.DebugLogHandler:LogFormat (UnityEngine.LogType,UnityEngine.Object,string,object[])
UnityEngine.Logger:Log (UnityEngine.LogType,object)
UnityEngine.Debug:LogError (object)
UnityEditor.EditorAssemblies:ProcessInitializeOnLoadMethodAttributes ()

Mono: successfully reloaded assembly
- Completed reload, in  2.014 seconds
Domain Reload Profiling:
	ReloadAssembly (2015ms)
		BeginReloadAssembly (167ms)
			ExecutionOrderSort (0ms)
			DisableScriptedObjects (5ms)
			BackupInstance (0ms)
			ReleaseScriptingObjects (0ms)
			CreateAndSetChildDomain (20ms)
		EndReloadAssembly (1777ms)
			LoadAssemblies (114ms)
			RebuildTransferFunctionScriptingTraits (0ms)
			SetupTypeCache (489ms)
			ReleaseScriptCaches (1ms)
			RebuildScriptCaches (133ms)
			SetupLoadedEditorAssemblies (775ms)
				LogAssemblyErrors (0ms)
				InitializePlatformSupportModulesInManaged (6ms)
				SetLoadedEditorAssemblies (0ms)
				RefreshPlugins (100ms)
				BeforeProcessingInitializeOnLoad (146ms)
				ProcessInitializeOnLoadAttributes (428ms)
				ProcessInitializeOnLoadMethodAttributes (88ms)
				AfterProcessingInitializeOnLoad (6ms)
				EditorAssembliesLoaded (0ms)
			ExecutionOrderSort2 (0ms)
			AwakeInstancesAfterBackupRestoration (10ms)
Platform modules already initialized, skipping
========================================================================
Worker process is ready to serve import requests
Shader 'Universal Render Pipeline/Particles/Lit': fallback shader 'Universal Render Pipeline/Particles/SimpleLit' not found
Launched and connected shader compiler UnityShaderCompiler.exe after 0.06 seconds
Refreshing native plugins compatible for Editor in 2.00 ms, found 10 plugins.
Preloading 1 native plugins for Editor in 0.21 ms.
Unloading 3872 Unused Serialized files (Serialized files now loaded: 0)
System memory in use before: 171.0 MB.
System memory in use after: 168.7 MB.

Unloading 68 unused Assets to reduce memory usage. Loaded Objects now: 4333.
Total: 4.495300 ms (FindLiveObjects: 0.363200 ms CreateObjectMapping: 0.207700 ms MarkObjects: 2.774000 ms  DeleteObjects: 1.148500 ms)

AssetImportParameters requested are different than current active one (requested -> active):
  custom:framework-win-MediaFoundation: 216162199b28c13a410421893ffa2e32 -> 
  custom:video-decoder-ogg-theora: a1e56fd34408186e4bbccfd4996cb3dc -> 
  custom:container-muxer-webm: aa71ff27fc2769a1b78a27578f13a17b -> 
  custom:container-demuxer-webm: 4f35f7cbe854078d1ac9338744f61a02 -> 
  custom:container-demuxer-ogg: 62fdf1f143b41e24485cea50d1cbac27 -> 
  custom:video-encoder-webm-vp8: eb34c28f22e8b96e1ab97ce403110664 -> 
  custom:video-decoder-webm-vp8: 9c59270c3fd7afecdb556c50c9e8de78 -> 
  custom:audio-decoder-ogg-vorbis: bf7c407c2cedff20999df2af8eb42d56 -> 
  custom:audio-encoder-webm-vorbis: bf7c407c2cedff20999df2af8eb42d56 -> 
========================================================================
Received Import Request.
  path: Assets/Models/hand/hand.FBX
  artifactKey: Guid(d7331744ad0d2d540b2129b6f9990a9a) Importer(815301076,1909f56bfc062723c751e8b465ee728b)
Start importing Assets/Models/hand/hand.FBX using Guid(d7331744ad0d2d540b2129b6f9990a9a) Importer(815301076,1909f56bfc062723c751e8b465ee728b)  -> (artifact id: 'de895a767f8f0e6ba07018bf7dfa95a1') in 0.574297 seconds 
  Import took 0.586129 seconds .

========================================================================
Received Import Request.
  Time since last request: 7311.711025 seconds.
  path: Assets/Models/hand
  artifactKey: Guid(a1431946692075a408300055bd561116) Importer(815301076,1909f56bfc062723c751e8b465ee728b)
Start importing Assets/Models/hand using Guid(a1431946692075a408300055bd561116) Importer(815301076,1909f56bfc062723c751e8b465ee728b)  -> (artifact id: '4ecc7fd65a597bff235b8a161971e9cb') in 0.006723 seconds 
  Import took 0.130836 seconds .

========================================================================
Received Import Request.
  Time since last request: 7.039366 seconds.
  path: Assets/Models/hand/Hand.mat
  artifactKey: Guid(9fb291093dd14f443b84f713f1b4ac82) Importer(815301076,1909f56bfc062723c751e8b465ee728b)
Start importing Assets/Models/hand/Hand.mat using Guid(9fb291093dd14f443b84f713f1b4ac82) Importer(815301076,1909f56bfc062723c751e8b465ee728b)  -> (artifact id: '802169bdcb2e9ee55ffd91f11c9d8e25') in 0.208126 seconds 
  Import took 0.217487 seconds .

========================================================================
Received Import Request.
  Time since last request: 854.650684 seconds.
  path: Assets/Models/hand/hand(R).FBX
  artifactKey: Guid(0a7e787573cecab48b16d30fbb9dbea2) Importer(815301076,1909f56bfc062723c751e8b465ee728b)
Start importing Assets/Models/hand/hand(R).FBX using Guid(0a7e787573cecab48b16d30fbb9dbea2) Importer(815301076,1909f56bfc062723c751e8b465ee728b)  -> (artifact id: 'fd72dcb3e0b17d5c9a6ada690a7fa495') in 0.056468 seconds 
  Import took 0.065367 seconds .

========================================================================
Received Import Request.
  Time since last request: 2.996928 seconds.
  path: Assets/Models/hand/hand(R).FBX
  artifactKey: Guid(0a7e787573cecab48b16d30fbb9dbea2) Importer(815301076,1909f56bfc062723c751e8b465ee728b)
Start importing Assets/Models/hand/hand(R).FBX using Guid(0a7e787573cecab48b16d30fbb9dbea2) Importer(815301076,1909f56bfc062723c751e8b465ee728b)  -> (artifact id: '1f32a604907031a1d7bff61c2bc0e382') in 0.039614 seconds 
  Import took 0.048955 seconds .

========================================================================
Received Import Request.
  Time since last request: 0.000555 seconds.
  path: Assets/Models/hand/Handtexture template (1).png
  artifactKey: Guid(d6109607d8fd73e40861d7743c825774) Importer(815301076,1909f56bfc062723c751e8b465ee728b)
Start importing Assets/Models/hand/Handtexture template (1).png using Guid(d6109607d8fd73e40861d7743c825774) Importer(815301076,1909f56bfc062723c751e8b465ee728b)  -> (artifact id: 'd51b74bab70a0b130387012b68af36f5') in 0.178454 seconds 
  Import took 0.186511 seconds .

========================================================================
Received Import Request.
  Time since last request: 102.484526 seconds.
  path: Assets/Models/hand/hand(R).FBX
  artifactKey: Guid(0a7e787573cecab48b16d30fbb9dbea2) Importer(815301076,1909f56bfc062723c751e8b465ee728b)
Start importing Assets/Models/hand/hand(R).FBX using Guid(0a7e787573cecab48b16d30fbb9dbea2) Importer(815301076,1909f56bfc062723c751e8b465ee728b)  -> (artifact id: 'f5c612fc2a1ea40cc49e70447b5e0286') in 0.043687 seconds 
  Import took 0.054587 seconds .

========================================================================
Received Import Request.
  Time since last request: 177.001324 seconds.
  path: Assets/Models/hand/hand.FBX
  artifactKey: Guid(d7331744ad0d2d540b2129b6f9990a9a) Importer(815301076,1909f56bfc062723c751e8b465ee728b)
Start importing Assets/Models/hand/hand.FBX using Guid(d7331744ad0d2d540b2129b6f9990a9a) Importer(815301076,1909f56bfc062723c751e8b465ee728b)  -> (artifact id: 'ef96eac68b6b3ae5aa2116a429e5c3fd') in 0.039582 seconds 
  Import took 0.048303 seconds .

========================================================================
Received Import Request.
  Time since last request: 2.783108 seconds.
  path: Assets/Models/hand/hand.FBX
  artifactKey: Guid(d7331744ad0d2d540b2129b6f9990a9a) Importer(815301076,1909f56bfc062723c751e8b465ee728b)
Start importing Assets/Models/hand/hand.FBX using Guid(d7331744ad0d2d540b2129b6f9990a9a) Importer(815301076,1909f56bfc062723c751e8b465ee728b)  -> (artifact id: '9de40901b052560d37bb25b73e69d5c5') in 0.038860 seconds 
  Import took 0.046962 seconds .

AssetImportWorkerClient::OnTransportError - code=2 error=End of file
